<?xml version="1.0" encoding="UTF-8"?>
<testng-results ignored="0" total="1" passed="1" failed="0" skipped="0">
  <reporter-output>
  </reporter-output>
  <suite started-at="2023-12-27T16:37:20 IST" name="Suite" finished-at="2023-12-27T16:37:52 IST" duration-ms="32823">
    <groups>
    </groups>
    <test started-at="2023-12-27T16:37:20 IST" name="Test" finished-at="2023-12-27T16:37:52 IST" duration-ms="32823">
      <class name="test.cases.Utest">
        <test-method signature="appTest()[pri:0, instance:test.cases.Utest@2a266d09]" started-at="2023-12-27T16:37:20 IST" name="appTest" finished-at="2023-12-27T16:37:52 IST" duration-ms="32754" status="PASS">
          <reporter-output>
          </reporter-output>
        </test-method> <!-- appTest -->
      </class> <!-- test.cases.Utest -->
    </test> <!-- Test -->
  </suite> <!-- Suite -->
</testng-results>
